2012-07-10 16:10:53.2465 DEBUG EXCEPTION|System.InvalidOperationException: The ForeignKeyAttribute on property 'CreatorId' on type 'BinaryStudio.TaskManager.Logic.Domain.Project' is not valid. The navigation property 'User' was not found on the dependent type 'BinaryStudio.TaskManager.Logic.Domain.Project'. The Name value should be a valid navigation property name.
   в System.Data.Entity.ModelConfiguration.Conventions.ForeignKeyPrimitivePropertyAttributeConvention.ForeignKeyAttributeConventionImpl.ApplyNavigationProperty(PropertyInfo propertyInfo, ModelConfiguration modelConfiguration, ForeignKeyAttribute foreignKeyAttribute)
   в System.Data.Entity.ModelConfiguration.Conventions.ForeignKeyPrimitivePropertyAttributeConvention.ForeignKeyAttributeConventionImpl.Apply(PropertyInfo propertyInfo, ModelConfiguration modelConfiguration, ForeignKeyAttribute foreignKeyAttribute)
   в System.Data.Entity.ModelConfiguration.Conventions.AttributeConfigurationConvention`3.System.Data.Entity.ModelConfiguration.Conventions.IConfigurationConvention<TMemberInfo,TConfiguration>.Apply(TMemberInfo memberInfo, Func`1 configuration)
   в System.Data.Entity.ModelConfiguration.Conventions.ForeignKeyPrimitivePropertyAttributeConvention.System.Data.Entity.ModelConfiguration.Conventions.IConfigurationConvention<System.Reflection.PropertyInfo,System.Data.Entity.ModelConfiguration.Configuration.ModelConfiguration>.Apply(PropertyInfo memberInfo, Func`1 configuration)
   в System.Data.Entity.ModelConfiguration.Configuration.ConventionsConfiguration.ApplyPropertyConfiguration(PropertyInfo propertyInfo, ModelConfiguration modelConfiguration)
   в System.Data.Entity.ModelConfiguration.Mappers.TypeMapper.MapStructuralElements[TStructuralTypeConfiguration](Type type, ICollection`1 annotations, Action`2 propertyMappingAction, Boolean mapDeclaredPropertiesOnly, Func`1 structuralTypeConfiguration)
   в System.Data.Entity.ModelConfiguration.Mappers.TypeMapper.MapEntityType(Type type)
   в System.Data.Entity.DbModelBuilder.<>c__DisplayClass7.<MapTypes>b__1(Type type)
   в System.Linq.Enumerable.WhereListIterator`1.MoveNext()
   в System.Data.Entity.ModelConfiguration.Utilities.IEnumerableExtensions.Each[T](IEnumerable`1 ts, Action`1 action)
   в System.Data.Entity.DbModelBuilder.MapTypes(EdmModel model)
   в System.Data.Entity.DbModelBuilder.Build(DbProviderManifest providerManifest, DbProviderInfo providerInfo)
   в System.Data.Entity.DbModelBuilder.Build(DbConnection providerConnection)
   в System.Data.Entity.Internal.LazyInternalContext.CreateModel(LazyInternalContext internalContext)
   в System.Data.Entity.Internal.RetryLazy`2.GetValue(TInput input)
   в System.Data.Entity.Internal.LazyInternalContext.InitializeContext()
   в System.Data.Entity.Internal.InternalContext.GetEntitySetAndBaseTypeForType(Type entityType)
   в System.Data.Entity.Internal.Linq.InternalSet`1.Initialize()
   в System.Data.Entity.Internal.Linq.InternalSet`1.GetEnumerator()
   в System.Data.Entity.Infrastructure.DbQuery`1.System.Collections.Generic.IEnumerable<TResult>.GetEnumerator()
   в System.Collections.Generic.List`1..ctor(IEnumerable`1 collection)
   в System.Linq.Enumerable.ToList[TSource](IEnumerable`1 source)
   в BinaryStudio.TaskManager.Logic.Core.UserRepository.LogOn(String userName, String password) в D:\work\academy\github\BinaryStudio.TaskManager\BinaryStudio.TaskManager.Storage\Core\UserRepository.cs:строка 48
   в BinaryStudio.TaskManager.Logic.Core.UserProcessor.LogOnUser(String userName, String password) в D:\work\academy\github\BinaryStudio.TaskManager\BinaryStudio.TaskManager.Storage\Core\UserProcessor.cs:строка 70
   в BinaryStudio.TaskManager.Web.Controllers.AccountController.LogOn(LogOnModel model, String returnUrl) в D:\work\academy\github\BinaryStudio.TaskManager\BinaryStudio.TaskManager.Web\Controllers\AccountController.cs:строка 39
   в lambda_method(Closure , ControllerBase , Object[] )
   в System.Web.Mvc.ActionMethodDispatcher.Execute(ControllerBase controller, Object[] parameters)
   в System.Web.Mvc.ReflectedActionDescriptor.Execute(ControllerContext controllerContext, IDictionary`2 parameters)
   в System.Web.Mvc.ControllerActionInvoker.InvokeActionMethod(ControllerContext controllerContext, ActionDescriptor actionDescriptor, IDictionary`2 parameters)
   в System.Web.Mvc.ControllerActionInvoker.<>c__DisplayClass15.<InvokeActionMethodWithFilters>b__12()
   в System.Web.Mvc.ControllerActionInvoker.InvokeActionMethodFilter(IActionFilter filter, ActionExecutingContext preContext, Func`1 continuation)
   в System.Web.Mvc.ControllerActionInvoker.<>c__DisplayClass15.<>c__DisplayClass17.<InvokeActionMethodWithFilters>b__14()
   в System.Web.Mvc.ControllerActionInvoker.InvokeActionMethodWithFilters(ControllerContext controllerContext, IList`1 filters, ActionDescriptor actionDescriptor, IDictionary`2 parameters)
   в System.Web.Mvc.ControllerActionInvoker.InvokeAction(ControllerContext controllerContext, String actionName)
2012-07-10 16:11:03.1607 DEBUG EXCEPTION|System.InvalidOperationException: The ForeignKeyAttribute on property 'CreatorId' on type 'BinaryStudio.TaskManager.Logic.Domain.Project' is not valid. The navigation property 'User' was not found on the dependent type 'BinaryStudio.TaskManager.Logic.Domain.Project'. The Name value should be a valid navigation property name.
   в System.Data.Entity.ModelConfiguration.Conventions.ForeignKeyPrimitivePropertyAttributeConvention.ForeignKeyAttributeConventionImpl.ApplyNavigationProperty(PropertyInfo propertyInfo, ModelConfiguration modelConfiguration, ForeignKeyAttribute foreignKeyAttribute)
   в System.Data.Entity.ModelConfiguration.Conventions.ForeignKeyPrimitivePropertyAttributeConvention.ForeignKeyAttributeConventionImpl.Apply(PropertyInfo propertyInfo, ModelConfiguration modelConfiguration, ForeignKeyAttribute foreignKeyAttribute)
   в System.Data.Entity.ModelConfiguration.Conventions.AttributeConfigurationConvention`3.System.Data.Entity.ModelConfiguration.Conventions.IConfigurationConvention<TMemberInfo,TConfiguration>.Apply(TMemberInfo memberInfo, Func`1 configuration)
   в System.Data.Entity.ModelConfiguration.Conventions.ForeignKeyPrimitivePropertyAttributeConvention.System.Data.Entity.ModelConfiguration.Conventions.IConfigurationConvention<System.Reflection.PropertyInfo,System.Data.Entity.ModelConfiguration.Configuration.ModelConfiguration>.Apply(PropertyInfo memberInfo, Func`1 configuration)
   в System.Data.Entity.ModelConfiguration.Configuration.ConventionsConfiguration.ApplyPropertyConfiguration(PropertyInfo propertyInfo, ModelConfiguration modelConfiguration)
   в System.Data.Entity.ModelConfiguration.Mappers.TypeMapper.MapStructuralElements[TStructuralTypeConfiguration](Type type, ICollection`1 annotations, Action`2 propertyMappingAction, Boolean mapDeclaredPropertiesOnly, Func`1 structuralTypeConfiguration)
   в System.Data.Entity.ModelConfiguration.Mappers.TypeMapper.MapEntityType(Type type)
   в System.Data.Entity.DbModelBuilder.<>c__DisplayClass7.<MapTypes>b__1(Type type)
   в System.Linq.Enumerable.WhereListIterator`1.MoveNext()
   в System.Data.Entity.ModelConfiguration.Utilities.IEnumerableExtensions.Each[T](IEnumerable`1 ts, Action`1 action)
   в System.Data.Entity.DbModelBuilder.MapTypes(EdmModel model)
   в System.Data.Entity.DbModelBuilder.Build(DbProviderManifest providerManifest, DbProviderInfo providerInfo)
   в System.Data.Entity.DbModelBuilder.Build(DbConnection providerConnection)
   в System.Data.Entity.Internal.LazyInternalContext.CreateModel(LazyInternalContext internalContext)
   в System.Data.Entity.Internal.RetryLazy`2.GetValue(TInput input)
   в System.Data.Entity.Internal.LazyInternalContext.InitializeContext()
   в System.Data.Entity.Internal.InternalContext.GetEntitySetAndBaseTypeForType(Type entityType)
   в System.Data.Entity.Internal.Linq.InternalSet`1.Initialize()
   в System.Data.Entity.Internal.Linq.InternalSet`1.GetEnumerator()
   в System.Data.Entity.Infrastructure.DbQuery`1.System.Collections.Generic.IEnumerable<TResult>.GetEnumerator()
   в System.Collections.Generic.List`1..ctor(IEnumerable`1 collection)
   в System.Linq.Enumerable.ToList[TSource](IEnumerable`1 source)
   в BinaryStudio.TaskManager.Logic.Core.UserRepository.LogOn(String userName, String password) в D:\work\academy\github\BinaryStudio.TaskManager\BinaryStudio.TaskManager.Storage\Core\UserRepository.cs:строка 48
   в BinaryStudio.TaskManager.Logic.Core.UserProcessor.LogOnUser(String userName, String password) в D:\work\academy\github\BinaryStudio.TaskManager\BinaryStudio.TaskManager.Storage\Core\UserProcessor.cs:строка 70
   в BinaryStudio.TaskManager.Web.Controllers.AccountController.LogOn(LogOnModel model, String returnUrl) в D:\work\academy\github\BinaryStudio.TaskManager\BinaryStudio.TaskManager.Web\Controllers\AccountController.cs:строка 39
   в lambda_method(Closure , ControllerBase , Object[] )
   в System.Web.Mvc.ActionMethodDispatcher.Execute(ControllerBase controller, Object[] parameters)
   в System.Web.Mvc.ReflectedActionDescriptor.Execute(ControllerContext controllerContext, IDictionary`2 parameters)
   в System.Web.Mvc.ControllerActionInvoker.InvokeActionMethod(ControllerContext controllerContext, ActionDescriptor actionDescriptor, IDictionary`2 parameters)
   в System.Web.Mvc.ControllerActionInvoker.<>c__DisplayClass15.<InvokeActionMethodWithFilters>b__12()
   в System.Web.Mvc.ControllerActionInvoker.InvokeActionMethodFilter(IActionFilter filter, ActionExecutingContext preContext, Func`1 continuation)
   в System.Web.Mvc.ControllerActionInvoker.<>c__DisplayClass15.<>c__DisplayClass17.<InvokeActionMethodWithFilters>b__14()
   в System.Web.Mvc.ControllerActionInvoker.InvokeActionMethodWithFilters(ControllerContext controllerContext, IList`1 filters, ActionDescriptor actionDescriptor, IDictionary`2 parameters)
   в System.Web.Mvc.ControllerActionInvoker.InvokeAction(ControllerContext controllerContext, String actionName)
2012-07-10 16:11:15.9050 DEBUG EXCEPTION|System.InvalidOperationException: The ForeignKeyAttribute on property 'CreatorId' on type 'BinaryStudio.TaskManager.Logic.Domain.Project' is not valid. The navigation property 'User' was not found on the dependent type 'BinaryStudio.TaskManager.Logic.Domain.Project'. The Name value should be a valid navigation property name.
   в System.Data.Entity.ModelConfiguration.Conventions.ForeignKeyPrimitivePropertyAttributeConvention.ForeignKeyAttributeConventionImpl.ApplyNavigationProperty(PropertyInfo propertyInfo, ModelConfiguration modelConfiguration, ForeignKeyAttribute foreignKeyAttribute)
   в System.Data.Entity.ModelConfiguration.Conventions.ForeignKeyPrimitivePropertyAttributeConvention.ForeignKeyAttributeConventionImpl.Apply(PropertyInfo propertyInfo, ModelConfiguration modelConfiguration, ForeignKeyAttribute foreignKeyAttribute)
   в System.Data.Entity.ModelConfiguration.Conventions.AttributeConfigurationConvention`3.System.Data.Entity.ModelConfiguration.Conventions.IConfigurationConvention<TMemberInfo,TConfiguration>.Apply(TMemberInfo memberInfo, Func`1 configuration)
   в System.Data.Entity.ModelConfiguration.Conventions.ForeignKeyPrimitivePropertyAttributeConvention.System.Data.Entity.ModelConfiguration.Conventions.IConfigurationConvention<System.Reflection.PropertyInfo,System.Data.Entity.ModelConfiguration.Configuration.ModelConfiguration>.Apply(PropertyInfo memberInfo, Func`1 configuration)
   в System.Data.Entity.ModelConfiguration.Configuration.ConventionsConfiguration.ApplyPropertyConfiguration(PropertyInfo propertyInfo, ModelConfiguration modelConfiguration)
   в System.Data.Entity.ModelConfiguration.Mappers.TypeMapper.MapStructuralElements[TStructuralTypeConfiguration](Type type, ICollection`1 annotations, Action`2 propertyMappingAction, Boolean mapDeclaredPropertiesOnly, Func`1 structuralTypeConfiguration)
   в System.Data.Entity.ModelConfiguration.Mappers.TypeMapper.MapEntityType(Type type)
   в System.Data.Entity.DbModelBuilder.<>c__DisplayClass7.<MapTypes>b__1(Type type)
   в System.Linq.Enumerable.WhereListIterator`1.MoveNext()
   в System.Data.Entity.ModelConfiguration.Utilities.IEnumerableExtensions.Each[T](IEnumerable`1 ts, Action`1 action)
   в System.Data.Entity.DbModelBuilder.MapTypes(EdmModel model)
   в System.Data.Entity.DbModelBuilder.Build(DbProviderManifest providerManifest, DbProviderInfo providerInfo)
   в System.Data.Entity.DbModelBuilder.Build(DbConnection providerConnection)
   в System.Data.Entity.Internal.LazyInternalContext.CreateModel(LazyInternalContext internalContext)
   в System.Data.Entity.Internal.RetryLazy`2.GetValue(TInput input)
   в System.Data.Entity.Internal.LazyInternalContext.InitializeContext()
   в System.Data.Entity.Internal.InternalContext.GetEntitySetAndBaseTypeForType(Type entityType)
   в System.Data.Entity.Internal.Linq.InternalSet`1.Initialize()
   в System.Data.Entity.Internal.Linq.InternalSet`1.GetEnumerator()
   в System.Data.Entity.Infrastructure.DbQuery`1.System.Collections.Generic.IEnumerable<TResult>.GetEnumerator()
   в System.Collections.Generic.List`1..ctor(IEnumerable`1 collection)
   в System.Linq.Enumerable.ToList[TSource](IEnumerable`1 source)
   в BinaryStudio.TaskManager.Logic.Core.UserRepository.LogOn(String userName, String password) в D:\work\academy\github\BinaryStudio.TaskManager\BinaryStudio.TaskManager.Storage\Core\UserRepository.cs:строка 48
   в BinaryStudio.TaskManager.Logic.Core.UserProcessor.LogOnUser(String userName, String password) в D:\work\academy\github\BinaryStudio.TaskManager\BinaryStudio.TaskManager.Storage\Core\UserProcessor.cs:строка 70
   в BinaryStudio.TaskManager.Web.Controllers.AccountController.LogOn(LogOnModel model, String returnUrl) в D:\work\academy\github\BinaryStudio.TaskManager\BinaryStudio.TaskManager.Web\Controllers\AccountController.cs:строка 39
   в lambda_method(Closure , ControllerBase , Object[] )
   в System.Web.Mvc.ActionMethodDispatcher.Execute(ControllerBase controller, Object[] parameters)
   в System.Web.Mvc.ReflectedActionDescriptor.Execute(ControllerContext controllerContext, IDictionary`2 parameters)
   в System.Web.Mvc.ControllerActionInvoker.InvokeActionMethod(ControllerContext controllerContext, ActionDescriptor actionDescriptor, IDictionary`2 parameters)
   в System.Web.Mvc.ControllerActionInvoker.<>c__DisplayClass15.<InvokeActionMethodWithFilters>b__12()
   в System.Web.Mvc.ControllerActionInvoker.InvokeActionMethodFilter(IActionFilter filter, ActionExecutingContext preContext, Func`1 continuation)
   в System.Web.Mvc.ControllerActionInvoker.<>c__DisplayClass15.<>c__DisplayClass17.<InvokeActionMethodWithFilters>b__14()
   в System.Web.Mvc.ControllerActionInvoker.InvokeActionMethodWithFilters(ControllerContext controllerContext, IList`1 filters, ActionDescriptor actionDescriptor, IDictionary`2 parameters)
   в System.Web.Mvc.ControllerActionInvoker.InvokeAction(ControllerContext controllerContext, String actionName)
2012-07-10 16:11:24.2191 DEBUG EXCEPTION|System.InvalidOperationException: The ForeignKeyAttribute on property 'CreatorId' on type 'BinaryStudio.TaskManager.Logic.Domain.Project' is not valid. The navigation property 'User' was not found on the dependent type 'BinaryStudio.TaskManager.Logic.Domain.Project'. The Name value should be a valid navigation property name.
   в System.Data.Entity.ModelConfiguration.Conventions.ForeignKeyPrimitivePropertyAttributeConvention.ForeignKeyAttributeConventionImpl.ApplyNavigationProperty(PropertyInfo propertyInfo, ModelConfiguration modelConfiguration, ForeignKeyAttribute foreignKeyAttribute)
   в System.Data.Entity.ModelConfiguration.Conventions.ForeignKeyPrimitivePropertyAttributeConvention.ForeignKeyAttributeConventionImpl.Apply(PropertyInfo propertyInfo, ModelConfiguration modelConfiguration, ForeignKeyAttribute foreignKeyAttribute)
   в System.Data.Entity.ModelConfiguration.Conventions.AttributeConfigurationConvention`3.System.Data.Entity.ModelConfiguration.Conventions.IConfigurationConvention<TMemberInfo,TConfiguration>.Apply(TMemberInfo memberInfo, Func`1 configuration)
   в System.Data.Entity.ModelConfiguration.Conventions.ForeignKeyPrimitivePropertyAttributeConvention.System.Data.Entity.ModelConfiguration.Conventions.IConfigurationConvention<System.Reflection.PropertyInfo,System.Data.Entity.ModelConfiguration.Configuration.ModelConfiguration>.Apply(PropertyInfo memberInfo, Func`1 configuration)
   в System.Data.Entity.ModelConfiguration.Configuration.ConventionsConfiguration.ApplyPropertyConfiguration(PropertyInfo propertyInfo, ModelConfiguration modelConfiguration)
   в System.Data.Entity.ModelConfiguration.Mappers.TypeMapper.MapStructuralElements[TStructuralTypeConfiguration](Type type, ICollection`1 annotations, Action`2 propertyMappingAction, Boolean mapDeclaredPropertiesOnly, Func`1 structuralTypeConfiguration)
   в System.Data.Entity.ModelConfiguration.Mappers.TypeMapper.MapEntityType(Type type)
   в System.Data.Entity.DbModelBuilder.<>c__DisplayClass7.<MapTypes>b__1(Type type)
   в System.Linq.Enumerable.WhereListIterator`1.MoveNext()
   в System.Data.Entity.ModelConfiguration.Utilities.IEnumerableExtensions.Each[T](IEnumerable`1 ts, Action`1 action)
   в System.Data.Entity.DbModelBuilder.MapTypes(EdmModel model)
   в System.Data.Entity.DbModelBuilder.Build(DbProviderManifest providerManifest, DbProviderInfo providerInfo)
   в System.Data.Entity.DbModelBuilder.Build(DbConnection providerConnection)
   в System.Data.Entity.Internal.LazyInternalContext.CreateModel(LazyInternalContext internalContext)
   в System.Data.Entity.Internal.RetryLazy`2.GetValue(TInput input)
   в System.Data.Entity.Internal.LazyInternalContext.InitializeContext()
   в System.Data.Entity.Internal.InternalContext.GetEntitySetAndBaseTypeForType(Type entityType)
   в System.Data.Entity.Internal.Linq.InternalSet`1.Initialize()
   в System.Data.Entity.Internal.Linq.InternalSet`1.GetEnumerator()
   в System.Data.Entity.Infrastructure.DbQuery`1.System.Collections.Generic.IEnumerable<TResult>.GetEnumerator()
   в System.Collections.Generic.List`1..ctor(IEnumerable`1 collection)
   в System.Linq.Enumerable.ToList[TSource](IEnumerable`1 source)
   в BinaryStudio.TaskManager.Logic.Core.UserRepository.LogOn(String userName, String password) в D:\work\academy\github\BinaryStudio.TaskManager\BinaryStudio.TaskManager.Storage\Core\UserRepository.cs:строка 48
   в BinaryStudio.TaskManager.Logic.Core.UserProcessor.LogOnUser(String userName, String password) в D:\work\academy\github\BinaryStudio.TaskManager\BinaryStudio.TaskManager.Storage\Core\UserProcessor.cs:строка 70
   в BinaryStudio.TaskManager.Web.Controllers.AccountController.LogOn(LogOnModel model, String returnUrl) в D:\work\academy\github\BinaryStudio.TaskManager\BinaryStudio.TaskManager.Web\Controllers\AccountController.cs:строка 39
   в lambda_method(Closure , ControllerBase , Object[] )
   в System.Web.Mvc.ActionMethodDispatcher.Execute(ControllerBase controller, Object[] parameters)
   в System.Web.Mvc.ReflectedActionDescriptor.Execute(ControllerContext controllerContext, IDictionary`2 parameters)
   в System.Web.Mvc.ControllerActionInvoker.InvokeActionMethod(ControllerContext controllerContext, ActionDescriptor actionDescriptor, IDictionary`2 parameters)
   в System.Web.Mvc.ControllerActionInvoker.<>c__DisplayClass15.<InvokeActionMethodWithFilters>b__12()
   в System.Web.Mvc.ControllerActionInvoker.InvokeActionMethodFilter(IActionFilter filter, ActionExecutingContext preContext, Func`1 continuation)
   в System.Web.Mvc.ControllerActionInvoker.<>c__DisplayClass15.<>c__DisplayClass17.<InvokeActionMethodWithFilters>b__14()
   в System.Web.Mvc.ControllerActionInvoker.InvokeActionMethodWithFilters(ControllerContext controllerContext, IList`1 filters, ActionDescriptor actionDescriptor, IDictionary`2 parameters)
   в System.Web.Mvc.ControllerActionInvoker.InvokeAction(ControllerContext controllerContext, String actionName)
