2012-07-05 10:08:03.6501 DEBUG EXCEPTION|System.ArgumentException: The parameters dictionary contains a null entry for parameter 'taskId' of non-nullable type 'System.Int32' for method 'Void MoveTask(Int32, Int32, Int32)' in 'BinaryStudio.TaskManager.Web.Controllers.HumanTasksController'. An optional parameter must be a reference type, a nullable type, or be declared as an optional parameter.
Parameter name: parameters
   at System.Web.Mvc.ActionDescriptor.ExtractParameterFromDictionary(ParameterInfo parameterInfo, IDictionary`2 parameters, MethodInfo methodInfo)
   at System.Web.Mvc.ReflectedActionDescriptor.<>c__DisplayClass1.<Execute>b__0(ParameterInfo parameterInfo)
   at System.Linq.Enumerable.WhereSelectArrayIterator`2.MoveNext()
   at System.Linq.Buffer`1..ctor(IEnumerable`1 source)
   at System.Linq.Enumerable.ToArray[TSource](IEnumerable`1 source)
   at System.Web.Mvc.ReflectedActionDescriptor.Execute(ControllerContext controllerContext, IDictionary`2 parameters)
   at System.Web.Mvc.ControllerActionInvoker.InvokeActionMethod(ControllerContext controllerContext, ActionDescriptor actionDescriptor, IDictionary`2 parameters)
   at System.Web.Mvc.ControllerActionInvoker.<>c__DisplayClass15.<InvokeActionMethodWithFilters>b__12()
   at System.Web.Mvc.ControllerActionInvoker.InvokeActionMethodFilter(IActionFilter filter, ActionExecutingContext preContext, Func`1 continuation)
   at System.Web.Mvc.ControllerActionInvoker.<>c__DisplayClass15.<>c__DisplayClass17.<InvokeActionMethodWithFilters>b__14()
   at System.Web.Mvc.ControllerActionInvoker.InvokeActionMethodWithFilters(ControllerContext controllerContext, IList`1 filters, ActionDescriptor actionDescriptor, IDictionary`2 parameters)
   at System.Web.Mvc.ControllerActionInvoker.InvokeAction(ControllerContext controllerContext, String actionName)
2012-07-05 10:08:36.8920 DEBUG EXCEPTION|System.ArgumentException: The parameters dictionary contains a null entry for parameter 'taskId' of non-nullable type 'System.Int32' for method 'Void MoveTask(Int32, Int32, Int32)' in 'BinaryStudio.TaskManager.Web.Controllers.HumanTasksController'. An optional parameter must be a reference type, a nullable type, or be declared as an optional parameter.
Parameter name: parameters
   at System.Web.Mvc.ActionDescriptor.ExtractParameterFromDictionary(ParameterInfo parameterInfo, IDictionary`2 parameters, MethodInfo methodInfo)
   at System.Web.Mvc.ReflectedActionDescriptor.<>c__DisplayClass1.<Execute>b__0(ParameterInfo parameterInfo)
   at System.Linq.Enumerable.WhereSelectArrayIterator`2.MoveNext()
   at System.Linq.Buffer`1..ctor(IEnumerable`1 source)
   at System.Linq.Enumerable.ToArray[TSource](IEnumerable`1 source)
   at System.Web.Mvc.ReflectedActionDescriptor.Execute(ControllerContext controllerContext, IDictionary`2 parameters)
   at System.Web.Mvc.ControllerActionInvoker.InvokeActionMethod(ControllerContext controllerContext, ActionDescriptor actionDescriptor, IDictionary`2 parameters)
   at System.Web.Mvc.ControllerActionInvoker.<>c__DisplayClass15.<InvokeActionMethodWithFilters>b__12()
   at System.Web.Mvc.ControllerActionInvoker.InvokeActionMethodFilter(IActionFilter filter, ActionExecutingContext preContext, Func`1 continuation)
   at System.Web.Mvc.ControllerActionInvoker.<>c__DisplayClass15.<>c__DisplayClass17.<InvokeActionMethodWithFilters>b__14()
   at System.Web.Mvc.ControllerActionInvoker.InvokeActionMethodWithFilters(ControllerContext controllerContext, IList`1 filters, ActionDescriptor actionDescriptor, IDictionary`2 parameters)
   at System.Web.Mvc.ControllerActionInvoker.InvokeAction(ControllerContext controllerContext, String actionName)
2012-07-05 10:09:38.6915 DEBUG EXCEPTION|System.ArgumentException: The parameters dictionary contains a null entry for parameter 'taskId' of non-nullable type 'System.Int32' for method 'Void MoveTask(Int32, Int32, Int32)' in 'BinaryStudio.TaskManager.Web.Controllers.HumanTasksController'. An optional parameter must be a reference type, a nullable type, or be declared as an optional parameter.
Parameter name: parameters
   at System.Web.Mvc.ActionDescriptor.ExtractParameterFromDictionary(ParameterInfo parameterInfo, IDictionary`2 parameters, MethodInfo methodInfo)
   at System.Web.Mvc.ReflectedActionDescriptor.<>c__DisplayClass1.<Execute>b__0(ParameterInfo parameterInfo)
   at System.Linq.Enumerable.WhereSelectArrayIterator`2.MoveNext()
   at System.Linq.Buffer`1..ctor(IEnumerable`1 source)
   at System.Linq.Enumerable.ToArray[TSource](IEnumerable`1 source)
   at System.Web.Mvc.ReflectedActionDescriptor.Execute(ControllerContext controllerContext, IDictionary`2 parameters)
   at System.Web.Mvc.ControllerActionInvoker.InvokeActionMethod(ControllerContext controllerContext, ActionDescriptor actionDescriptor, IDictionary`2 parameters)
   at System.Web.Mvc.ControllerActionInvoker.<>c__DisplayClass15.<InvokeActionMethodWithFilters>b__12()
   at System.Web.Mvc.ControllerActionInvoker.InvokeActionMethodFilter(IActionFilter filter, ActionExecutingContext preContext, Func`1 continuation)
   at System.Web.Mvc.ControllerActionInvoker.<>c__DisplayClass15.<>c__DisplayClass17.<InvokeActionMethodWithFilters>b__14()
   at System.Web.Mvc.ControllerActionInvoker.InvokeActionMethodWithFilters(ControllerContext controllerContext, IList`1 filters, ActionDescriptor actionDescriptor, IDictionary`2 parameters)
   at System.Web.Mvc.ControllerActionInvoker.InvokeAction(ControllerContext controllerContext, String actionName)
2012-07-05 10:15:45.1545 DEBUG EXCEPTION|System.ArgumentException: The parameters dictionary contains a null entry for parameter 'receiverId' of non-nullable type 'System.Int32' for method 'Void MoveTask(Int32, Int32, Int32)' in 'BinaryStudio.TaskManager.Web.Content.Controllers.HumanTasksController'. An optional parameter must be a reference type, a nullable type, or be declared as an optional parameter.
Parameter name: parameters
   at System.Web.Mvc.ActionDescriptor.ExtractParameterFromDictionary(ParameterInfo parameterInfo, IDictionary`2 parameters, MethodInfo methodInfo)
   at System.Web.Mvc.ReflectedActionDescriptor.<>c__DisplayClass1.<Execute>b__0(ParameterInfo parameterInfo)
   at System.Linq.Enumerable.WhereSelectArrayIterator`2.MoveNext()
   at System.Linq.Buffer`1..ctor(IEnumerable`1 source)
   at System.Linq.Enumerable.ToArray[TSource](IEnumerable`1 source)
   at System.Web.Mvc.ReflectedActionDescriptor.Execute(ControllerContext controllerContext, IDictionary`2 parameters)
   at System.Web.Mvc.ControllerActionInvoker.InvokeActionMethod(ControllerContext controllerContext, ActionDescriptor actionDescriptor, IDictionary`2 parameters)
   at System.Web.Mvc.ControllerActionInvoker.<>c__DisplayClass15.<InvokeActionMethodWithFilters>b__12()
   at System.Web.Mvc.ControllerActionInvoker.InvokeActionMethodFilter(IActionFilter filter, ActionExecutingContext preContext, Func`1 continuation)
   at System.Web.Mvc.ControllerActionInvoker.<>c__DisplayClass15.<>c__DisplayClass17.<InvokeActionMethodWithFilters>b__14()
   at System.Web.Mvc.ControllerActionInvoker.InvokeActionMethodWithFilters(ControllerContext controllerContext, IList`1 filters, ActionDescriptor actionDescriptor, IDictionary`2 parameters)
   at System.Web.Mvc.ControllerActionInvoker.InvokeAction(ControllerContext controllerContext, String actionName)
2012-07-05 15:44:53.3557 DEBUG EXCEPTION|System.InvalidOperationException: ѕоследовательность не содержит соответствующий элемент
   в System.Linq.Enumerable.Single[TSource](IEnumerable`1 source, Func`2 predicate)
   в BinaryStudio.TaskManager.Logic.Core.UserProcessor.GetCurrentLoginedEmployee(String userName) в F:\BinaryAcademia\Solutions\BinaryStudio.TaskManager\BinaryStudio.TaskManager.Web\UserProcessor.cs:строка 76
   в BinaryStudio.TaskManager.Web.Controllers.HumanTasksController.AllManagersWithTasks() в F:\BinaryAcademia\Solutions\BinaryStudio.TaskManager\BinaryStudio.TaskManager.Web\Controllers\HumanTasksController.cs:строка 158
   в lambda_method(Closure , ControllerBase , Object[] )
   в System.Web.Mvc.ActionMethodDispatcher.Execute(ControllerBase controller, Object[] parameters)
   в System.Web.Mvc.ReflectedActionDescriptor.Execute(ControllerContext controllerContext, IDictionary`2 parameters)
   в System.Web.Mvc.ControllerActionInvoker.InvokeActionMethod(ControllerContext controllerContext, ActionDescriptor actionDescriptor, IDictionary`2 parameters)
   в System.Web.Mvc.ControllerActionInvoker.<>c__DisplayClass15.<InvokeActionMethodWithFilters>b__12()
   в System.Web.Mvc.ControllerActionInvoker.InvokeActionMethodFilter(IActionFilter filter, ActionExecutingContext preContext, Func`1 continuation)
   в System.Web.Mvc.ControllerActionInvoker.<>c__DisplayClass15.<>c__DisplayClass17.<InvokeActionMethodWithFilters>b__14()
   в System.Web.Mvc.ControllerActionInvoker.InvokeActionMethodWithFilters(ControllerContext controllerContext, IList`1 filters, ActionDescriptor actionDescriptor, IDictionary`2 parameters)
   в System.Web.Mvc.ControllerActionInvoker.InvokeAction(ControllerContext controllerContext, String actionName)
2012-07-05 15:45:34.0670 DEBUG EXCEPTION|System.InvalidOperationException: ѕоследовательность не содержит соответствующий элемент
   в System.Linq.Enumerable.Single[TSource](IEnumerable`1 source, Func`2 predicate)
   в BinaryStudio.TaskManager.Logic.Core.UserProcessor.GetCurrentLoginedEmployee(String userName) в F:\BinaryAcademia\Solutions\BinaryStudio.TaskManager\BinaryStudio.TaskManager.Web\UserProcessor.cs:строка 76
   в BinaryStudio.TaskManager.Web.Controllers.HumanTasksController.AllManagersWithTasks() в F:\BinaryAcademia\Solutions\BinaryStudio.TaskManager\BinaryStudio.TaskManager.Web\Controllers\HumanTasksController.cs:строка 158
   в lambda_method(Closure , ControllerBase , Object[] )
   в System.Web.Mvc.ActionMethodDispatcher.Execute(ControllerBase controller, Object[] parameters)
   в System.Web.Mvc.ReflectedActionDescriptor.Execute(ControllerContext controllerContext, IDictionary`2 parameters)
   в System.Web.Mvc.ControllerActionInvoker.InvokeActionMethod(ControllerContext controllerContext, ActionDescriptor actionDescriptor, IDictionary`2 parameters)
   в System.Web.Mvc.ControllerActionInvoker.<>c__DisplayClass15.<InvokeActionMethodWithFilters>b__12()
   в System.Web.Mvc.ControllerActionInvoker.InvokeActionMethodFilter(IActionFilter filter, ActionExecutingContext preContext, Func`1 continuation)
   в System.Web.Mvc.ControllerActionInvoker.<>c__DisplayClass15.<>c__DisplayClass17.<InvokeActionMethodWithFilters>b__14()
   в System.Web.Mvc.ControllerActionInvoker.InvokeActionMethodWithFilters(ControllerContext controllerContext, IList`1 filters, ActionDescriptor actionDescriptor, IDictionary`2 parameters)
   в System.Web.Mvc.ControllerActionInvoker.InvokeAction(ControllerContext controllerContext, String actionName)
